This is pdfTeX, Version 3.1415926-2.5-1.40.14 (MiKTeX 2.9 64-bit) (preloaded format=pdflatex 2014.12.12)  24 JUL 2015 10:04
entering extended mode
**NLE2015_answer.tex
("C:\Users\serizel\Google Drive\work\publi\NLE2015 - Copie\NLE2015_answer.tex"
LaTeX2e <2011/06/27>
Babel <v3.8m> and hyphenation patterns for english, afrikaans, ancientgreek, ar
abic, armenian, assamese, basque, bengali, bokmal, bulgarian, catalan, coptic, 
croatian, czech, danish, dutch, esperanto, estonian, farsi, finnish, french, ga
lician, german, german-x-2013-05-26, greek, gujarati, hindi, hungarian, iceland
ic, indonesian, interlingua, irish, italian, kannada, kurmanji, latin, latvian,
 lithuanian, malayalam, marathi, mongolian, mongolianlmc, monogreek, ngerman, n
german-x-2013-05-26, nynorsk, oriya, panjabi, pinyin, polish, portuguese, roman
ian, russian, sanskrit, serbian, slovak, slovenian, spanish, swedish, swissgerm
an, tamil, telugu, turkish, turkmen, ukenglish, ukrainian, uppersorbian, usengl
ishmax, welsh, loaded.
(C:\MiKTeX\tex\latex\base\article.cls
Document Class: article 2007/10/19 v1.4h Standard LaTeX document class
(C:\MiKTeX\tex\latex\base\size10.clo
File: size10.clo 2007/10/19 v1.4h Standard LaTeX file (size option)
)
\c@part=\count79
\c@section=\count80
\c@subsection=\count81
\c@subsubsection=\count82
\c@paragraph=\count83
\c@subparagraph=\count84
\c@figure=\count85
\c@table=\count86
\abovecaptionskip=\skip41
\belowcaptionskip=\skip42
\bibindent=\dimen102
)
("C:\Users\serizel\Google Drive\work\publi\NLE2015 - Copie\NLE2015_answer.aux")
LaTeX Font Info:    Checking defaults for OML/cmm/m/it on input line 7.
LaTeX Font Info:    ... okay on input line 7.
LaTeX Font Info:    Checking defaults for T1/cmr/m/n on input line 7.
LaTeX Font Info:    ... okay on input line 7.
LaTeX Font Info:    Checking defaults for OT1/cmr/m/n on input line 7.
LaTeX Font Info:    ... okay on input line 7.
LaTeX Font Info:    Checking defaults for OMS/cmsy/m/n on input line 7.
LaTeX Font Info:    ... okay on input line 7.
LaTeX Font Info:    Checking defaults for OMX/cmex/m/n on input line 7.
LaTeX Font Info:    ... okay on input line 7.
LaTeX Font Info:    Checking defaults for U/cmr/m/n on input line 7.
LaTeX Font Info:    ... okay on input line 7.
LaTeX Font Info:    External font `cmex10' loaded for size
(Font)              <12> on input line 9.
LaTeX Font Info:    External font `cmex10' loaded for size
(Font)              <8> on input line 9.
LaTeX Font Info:    External font `cmex10' loaded for size
(Font)              <6> on input line 9.
LaTeX Font Info:    External font `cmex10' loaded for size
(Font)              <7> on input line 20.
LaTeX Font Info:    External font `cmex10' loaded for size
(Font)              <5> on input line 20.

LaTeX Warning: Reference `fig1' on page 1 undefined on input line 35.

[1

{C:/Users/serizel/AppData/Local/MiKTeX/2.9/pdftex/config/pdftex.map}]
[2] [3]
Overfull \hbox (11.85222pt too wide) in paragraph at lines 123--149
[]\OT1/cmr/m/it/10 The DNN-warp and DNN-HMM can be fine-tuned jointly with back
-propagation.
 []


Underfull \hbox (badness 10000) in paragraph at lines 151--152

 []

[4] [5]
("C:\Users\serizel\Google Drive\work\publi\NLE2015 - Copie\NLE2015_answer.aux")

LaTeX Warning: There were undefined references.

 ) 
Here is how much of TeX's memory you used:
 239 strings out of 493921
 2884 string characters out of 3154493
 54031 words of memory out of 3000000
 3605 multiletter control sequences out of 15000+200000
 8293 words of font info for 29 fonts, out of 3000000 for 9000
 841 hyphenation exceptions out of 8191
 24i,6n,17p,873b,187s stack positions out of 5000i,500n,10000p,200000b,50000s
<C:/MiKTeX/fonts/type1/public/amsfonts/cm/cmbx10.pfb><C:/MiKTeX/fonts/type1/p
ublic/amsfonts/cm/cmbx12.pfb><C:/MiKTeX/fonts/type1/public/amsfonts/cm/cmbxti10
.pfb><C:/MiKTeX/fonts/type1/public/amsfonts/cm/cmmi10.pfb><C:/MiKTeX/fonts/type
1/public/amsfonts/cm/cmr10.pfb><C:/MiKTeX/fonts/type1/public/amsfonts/cm/cmr12.
pfb><C:/MiKTeX/fonts/type1/public/amsfonts/cm/cmr17.pfb><C:/MiKTeX/fonts/type1/
public/amsfonts/cm/cmti10.pfb>
Output written on NLE2015_answer.pdf (5 pages, 136130 bytes).
PDF statistics:
 50 PDF objects out of 1000 (max. 8388607)
 0 named destinations out of 1000 (max. 500000)
 1 words of extra memory for PDF output out of 10000 (max. 10000000)

